<?xml version="1.0" encoding="UTF-8"?>
<testsuite xmlns:xsi="http://www.w3.org/2001/XMLSchema-instance" xsi:noNamespaceSchemaLocation="https://maven.apache.org/surefire/maven-surefire-plugin/xsd/surefire-test-report-3.0.xsd" version="3.0" name="com.example.forge.ForgeApplicationTests" time="14.158" tests="1" errors="0" skipped="0" failures="0">
  <properties>
[...]
</properties>
  <testcase name="contextLoads" classname="com.example.forge.ForgeApplicationTests" time="1.044">
    <system-out><![CDATA[01:15:17.491 [main] INFO org.springframework.test.context.support.AnnotationConfigContextLoaderUtils -- Could not detect default configuration classes for test class [com.example.forge.ForgeApplicationTests]: ForgeApplicationTests does not declare any static, non-private, non-final, nested classes annotated with @Configuration.
01:15:17.663 [main] INFO org.springframework.boot.test.context.SpringBootTestContextBootstrapper -- Found @SpringBootConfiguration com.example.forge.ForgeApplication for test class com.example.forge.ForgeApplicationTests

  .   ____          _            __ _ _
 /\\ / ___'_ __ _ _(_)_ __  __ _ \ \ \ \
( ( )\___ | '_ | '_| | '_ \/ _` | \ \ \ \
 \\/  ___)| |_)| | | | | || (_| |  ) ) ) )
  '  |____| .__|_| |_|_| |_\__, | / / / /
 =========|_|==============|___/=/_/_/_/
 :: Spring Boot ::                (v3.1.1)

2023-08-06T01:15:18.502-05:00  INFO 19580 --- [           main] c.example.forge.ForgeApplicationTests    : Starting ForgeApplicationTests using Java 17.0.7 with PID 19580 (started by Marcos in C:\Users\peru\OneDrive\Escritorio\FORGE\Backend)
2023-08-06T01:15:18.506-05:00  INFO 19580 --- [           main] c.example.forge.ForgeApplicationTests    : No active profile set, falling back to 1 default profile: "default"
2023-08-06T01:15:20.201-05:00  INFO 19580 --- [           main] .s.d.r.c.RepositoryConfigurationDelegate : Bootstrapping Spring Data JPA repositories in DEFAULT mode.
2023-08-06T01:15:20.321-05:00  INFO 19580 --- [           main] .s.d.r.c.RepositoryConfigurationDelegate : Finished Spring Data repository scanning in 101 ms. Found 8 JPA repository interfaces.
2023-08-06T01:15:21.682-05:00  INFO 19580 --- [           main] o.hibernate.jpa.internal.util.LogHelper  : HHH000204: Processing PersistenceUnitInfo [name: default]
2023-08-06T01:15:21.857-05:00  INFO 19580 --- [           main] org.hibernate.Version                    : HHH000412: Hibernate ORM core version 6.2.5.Final
2023-08-06T01:15:21.862-05:00  INFO 19580 --- [           main] org.hibernate.cfg.Environment            : HHH000406: Using bytecode reflection optimizer
2023-08-06T01:15:22.479-05:00  INFO 19580 --- [           main] o.h.b.i.BytecodeProviderInitiator        : HHH000021: Bytecode provider name : bytebuddy
2023-08-06T01:15:22.782-05:00  INFO 19580 --- [           main] o.s.o.j.p.SpringPersistenceUnitInfo      : No LoadTimeWeaver setup: ignoring JPA class transformer
2023-08-06T01:15:22.816-05:00  INFO 19580 --- [           main] com.zaxxer.hikari.HikariDataSource       : HikariPool-1 - Starting...
2023-08-06T01:15:23.261-05:00  INFO 19580 --- [           main] com.zaxxer.hikari.pool.HikariPool        : HikariPool-1 - Added connection com.mysql.cj.jdbc.ConnectionImpl@3041beb3
2023-08-06T01:15:23.264-05:00  INFO 19580 --- [           main] com.zaxxer.hikari.HikariDataSource       : HikariPool-1 - Start completed.
2023-08-06T01:15:24.136-05:00  INFO 19580 --- [           main] o.h.b.i.BytecodeProviderInitiator        : HHH000021: Bytecode provider name : bytebuddy
2023-08-06T01:15:25.270-05:00  INFO 19580 --- [           main] o.h.e.t.j.p.i.JtaPlatformInitiator       : HHH000490: Using JtaPlatform implementation: [org.hibernate.engine.transaction.jta.platform.internal.NoJtaPlatform]
2023-08-06T01:15:25.621-05:00  INFO 19580 --- [           main] j.LocalContainerEntityManagerFactoryBean : Initialized JPA EntityManagerFactory for persistence unit 'default'
2023-08-06T01:15:26.692-05:00  INFO 19580 --- [           main] o.s.d.j.r.query.QueryEnhancerFactory     : Hibernate is in classpath; If applicable, HQL parser will be used.
2023-08-06T01:15:27.734-05:00  WARN 19580 --- [           main] JpaBaseConfiguration$JpaWebConfiguration : spring.jpa.open-in-view is enabled by default. Therefore, database queries may be performed during view rendering. Explicitly configure spring.jpa.open-in-view to disable this warning
2023-08-06T01:15:28.891-05:00  INFO 19580 --- [           main] o.s.b.a.e.web.EndpointLinksResolver      : Exposing 1 endpoint(s) beneath base path '/actuator'
2023-08-06T01:15:29.077-05:00  INFO 19580 --- [           main] o.s.s.web.DefaultSecurityFilterChain     : Will secure any request with [org.springframework.security.web.session.DisableEncodeUrlFilter@3644d12a, org.springframework.security.web.context.request.async.WebAsyncManagerIntegrationFilter@76aab1e3, org.springframework.security.web.context.SecurityContextHolderFilter@2625eb84, org.springframework.security.web.header.HeaderWriterFilter@3b538e2a, org.springframework.web.filter.CorsFilter@4f9e32f2, org.springframework.security.web.authentication.logout.LogoutFilter@3c72c488, com.example.forge.auth.filters.JwtAuthenticationFilter@432e242d, com.example.forge.auth.filters.JwtValidationFilter@537360e3, org.springframework.security.web.savedrequest.RequestCacheAwareFilter@3725471, org.springframework.security.web.servletapi.SecurityContextHolderAwareRequestFilter@40e420fe, org.springframework.security.web.authentication.AnonymousAuthenticationFilter@70f5f6c7, org.springframework.security.web.session.SessionManagementFilter@44bbf5e3, org.springframework.security.web.access.ExceptionTranslationFilter@72f4232, org.springframework.security.web.access.intercept.AuthorizationFilter@2f26634a]
2023-08-06T01:15:30.121-05:00  INFO 19580 --- [           main] c.example.forge.ForgeApplicationTests    : Started ForgeApplicationTests in 12.149 seconds (process running for 13.755)
]]></system-out>
  </testcase>
</testsuite>