<?xml version="1.0" encoding="UTF-8"?>
<testsuite xmlns:xsi="http://www.w3.org/2001/XMLSchema-instance" xsi:noNamespaceSchemaLocation="https://maven.apache.org/surefire/maven-surefire-plugin/xsd/surefire-test-report-3.0.xsd" version="3.0" name="com.example.forge.ForgeApplicationTests" time="35.302" tests="1" errors="0" skipped="0" failures="0">
  <properties>
[...]
</properties>
  <testcase name="contextLoads" classname="com.example.forge.ForgeApplicationTests" time="1.311">
    <system-out><![CDATA[14:24:51.699 [main] INFO org.springframework.test.context.support.AnnotationConfigContextLoaderUtils -- Could not detect default configuration classes for test class [com.example.forge.ForgeApplicationTests]: ForgeApplicationTests does not declare any static, non-private, non-final, nested classes annotated with @Configuration.
14:24:52.072 [main] INFO org.springframework.boot.test.context.SpringBootTestContextBootstrapper -- Found @SpringBootConfiguration com.example.forge.ForgeApplication for test class com.example.forge.ForgeApplicationTests

  .   ____          _            __ _ _
 /\\ / ___'_ __ _ _(_)_ __  __ _ \ \ \ \
( ( )\___ | '_ | '_| | '_ \/ _` | \ \ \ \
 \\/  ___)| |_)| | | | | || (_| |  ) ) ) )
  '  |____| .__|_| |_|_| |_\__, | / / / /
 =========|_|==============|___/=/_/_/_/
 :: Spring Boot ::                (v3.1.2)

2023-08-24T14:24:54.074-05:00  INFO 31652 --- [           main] c.example.forge.ForgeApplicationTests    : Starting ForgeApplicationTests using Java 17.0.8 with PID 31652 (started by User in C:\Users\User\Desktop\Marcos\Project-Backend)
2023-08-24T14:24:54.078-05:00  INFO 31652 --- [           main] c.example.forge.ForgeApplicationTests    : No active profile set, falling back to 1 default profile: "default"
2023-08-24T14:24:57.998-05:00  INFO 31652 --- [           main] .s.d.r.c.RepositoryConfigurationDelegate : Bootstrapping Spring Data JPA repositories in DEFAULT mode.
2023-08-24T14:24:58.441-05:00  INFO 31652 --- [           main] .s.d.r.c.RepositoryConfigurationDelegate : Finished Spring Data repository scanning in 405 ms. Found 8 JPA repository interfaces.
2023-08-24T14:25:00.649-05:00  INFO 31652 --- [           main] o.hibernate.jpa.internal.util.LogHelper  : HHH000204: Processing PersistenceUnitInfo [name: default]
2023-08-24T14:25:01.044-05:00  INFO 31652 --- [           main] org.hibernate.Version                    : HHH000412: Hibernate ORM core version 6.2.6.Final
2023-08-24T14:25:01.055-05:00  INFO 31652 --- [           main] org.hibernate.cfg.Environment            : HHH000406: Using bytecode reflection optimizer
2023-08-24T14:25:02.324-05:00  INFO 31652 --- [           main] o.h.b.i.BytecodeProviderInitiator        : HHH000021: Bytecode provider name : bytebuddy
2023-08-24T14:25:03.197-05:00  INFO 31652 --- [           main] o.s.o.j.p.SpringPersistenceUnitInfo      : No LoadTimeWeaver setup: ignoring JPA class transformer
2023-08-24T14:25:03.295-05:00  INFO 31652 --- [           main] com.zaxxer.hikari.HikariDataSource       : HikariPool-1 - Starting...
2023-08-24T14:25:06.053-05:00  INFO 31652 --- [           main] com.zaxxer.hikari.pool.HikariPool        : HikariPool-1 - Added connection com.mysql.cj.jdbc.ConnectionImpl@7b79ff1c
2023-08-24T14:25:06.061-05:00  INFO 31652 --- [           main] com.zaxxer.hikari.HikariDataSource       : HikariPool-1 - Start completed.
2023-08-24T14:25:07.572-05:00  INFO 31652 --- [           main] o.h.b.i.BytecodeProviderInitiator        : HHH000021: Bytecode provider name : bytebuddy
2023-08-24T14:25:12.214-05:00  INFO 31652 --- [           main] o.h.e.t.j.p.i.JtaPlatformInitiator       : HHH000490: Using JtaPlatform implementation: [org.hibernate.engine.transaction.jta.platform.internal.NoJtaPlatform]
2023-08-24T14:25:19.292-05:00  INFO 31652 --- [           main] j.LocalContainerEntityManagerFactoryBean : Initialized JPA EntityManagerFactory for persistence unit 'default'
2023-08-24T14:25:20.984-05:00  INFO 31652 --- [           main] o.s.d.j.r.query.QueryEnhancerFactory     : Hibernate is in classpath; If applicable, HQL parser will be used.
2023-08-24T14:25:23.049-05:00  INFO 31652 --- [           main] o.s.s.web.DefaultSecurityFilterChain     : Will secure any request with [org.springframework.security.web.session.DisableEncodeUrlFilter@32b19d03, org.springframework.security.web.context.request.async.WebAsyncManagerIntegrationFilter@3f8090db, org.springframework.security.web.context.SecurityContextHolderFilter@3846ba32, org.springframework.security.web.header.HeaderWriterFilter@11f6a083, org.springframework.web.filter.CorsFilter@6f1b0ead, org.springframework.security.web.authentication.logout.LogoutFilter@667ce5fa, com.example.forge.config.auth.filters.JwtAuthenticationFilter@4487dce, com.example.forge.config.auth.filters.JwtValidationFilter@3aafa1c1, org.springframework.security.web.savedrequest.RequestCacheAwareFilter@685280dd, org.springframework.security.web.servletapi.SecurityContextHolderAwareRequestFilter@7ebc2975, org.springframework.security.web.authentication.AnonymousAuthenticationFilter@192f807, org.springframework.security.web.session.SessionManagementFilter@30b91493, org.springframework.security.web.access.ExceptionTranslationFilter@7f1e946f, org.springframework.security.web.access.intercept.AuthorizationFilter@23cf78f9]
2023-08-24T14:25:24.678-05:00  INFO 31652 --- [           main] o.s.b.a.e.web.EndpointLinksResolver      : Exposing 1 endpoint(s) beneath base path '/actuator'
2023-08-24T14:25:24.866-05:00  INFO 31652 --- [           main] c.example.forge.ForgeApplicationTests    : Started ForgeApplicationTests in 32.164 seconds (process running for 36.26)
]]></system-out>
  </testcase>
</testsuite>